[0.319s] DEBUG:colcon:Command line arguments: ['/usr/bin/colcon', 'build', '--allow-overriding', 'cv_bridge']
[0.319s] DEBUG:colcon:Parsed command line arguments: Namespace(log_base=None, log_level=None, verb_name='build', build_base='build', install_base='install', merge_install=False, symlink_install=False, test_result_base=None, continue_on_error=False, executor='parallel', parallel_workers=12, event_handlers=None, ignore_user_meta=False, metas=['./colcon.meta'], base_paths=['.'], packages_ignore=None, packages_ignore_regex=None, paths=None, packages_up_to=None, packages_up_to_regex=None, packages_above=None, packages_above_and_dependencies=None, packages_above_depth=None, packages_select_by_dep=None, packages_skip_by_dep=None, packages_skip_up_to=None, packages_select_build_failed=False, packages_skip_build_finished=False, packages_select_test_failures=False, packages_skip_test_passed=False, packages_select=None, packages_skip=None, packages_select_regex=None, packages_skip_regex=None, packages_start=None, packages_end=None, allow_overriding=['cv_bridge'], cmake_args=None, cmake_target=None, cmake_target_skip_unavailable=False, cmake_clean_cache=False, cmake_clean_first=False, cmake_force_configure=False, ament_cmake_args=None, catkin_cmake_args=None, catkin_skip_building_tests=False, verb_parser=<colcon_defaults.argument_parser.defaults.DefaultArgumentsDecorator object at 0x7f2f56cfd240>, verb_extension=<colcon_core.verb.build.BuildVerb object at 0x7f2f56cfcd00>, main=<bound method BuildVerb.main of <colcon_core.verb.build.BuildVerb object at 0x7f2f56cfcd00>>)
[0.341s] Level 1:colcon.colcon_core.package_discovery:discover_packages(colcon_meta) check parameters
[0.341s] Level 1:colcon.colcon_core.package_discovery:discover_packages(recursive) check parameters
[0.341s] Level 1:colcon.colcon_core.package_discovery:discover_packages(ignore) check parameters
[0.341s] Level 1:colcon.colcon_core.package_discovery:discover_packages(path) check parameters
[0.341s] Level 1:colcon.colcon_core.package_discovery:discover_packages(colcon_meta) discover
[0.341s] Level 1:colcon.colcon_core.package_discovery:discover_packages(recursive) discover
[0.341s] INFO:colcon.colcon_core.package_discovery:Crawling recursively for packages in '/home/sai/dev_ws/src/aruco'
[0.341s] Level 1:colcon.colcon_core.package_identification:_identify(.) by extensions ['ignore', 'ignore_ament_install']
[0.341s] Level 1:colcon.colcon_core.package_identification:_identify(.) by extension 'ignore'
[0.341s] Level 1:colcon.colcon_core.package_identification:_identify(.) by extension 'ignore_ament_install'
[0.341s] Level 1:colcon.colcon_core.package_identification:_identify(.) by extensions ['colcon_pkg']
[0.341s] Level 1:colcon.colcon_core.package_identification:_identify(.) by extension 'colcon_pkg'
[0.341s] Level 1:colcon.colcon_core.package_identification:_identify(.) by extensions ['colcon_meta']
[0.341s] Level 1:colcon.colcon_core.package_identification:_identify(.) by extension 'colcon_meta'
[0.341s] Level 1:colcon.colcon_core.package_identification:_identify(.) by extensions ['ros']
[0.341s] Level 1:colcon.colcon_core.package_identification:_identify(.) by extension 'ros'
[0.352s] DEBUG:colcon.colcon_core.package_identification:Package '.' with type 'ros.ament_python' and name 'aruco'
[0.352s] Level 1:colcon.colcon_core.package_discovery:discover_packages(recursive) using defaults
[0.352s] Level 1:colcon.colcon_core.package_discovery:discover_packages(ignore) discover
[0.352s] Level 1:colcon.colcon_core.package_discovery:discover_packages(ignore) using defaults
[0.352s] Level 1:colcon.colcon_core.package_discovery:discover_packages(path) discover
[0.352s] Level 1:colcon.colcon_core.package_discovery:discover_packages(path) using defaults
[0.354s] WARNING:colcon.colcon_core.package_selection:ignoring unknown package 'cv_bridge' in --allow-overriding
[0.372s] Level 1:colcon.colcon_core.package_discovery:discover_packages(prefix_path) check parameters
[0.372s] Level 1:colcon.colcon_core.package_discovery:discover_packages(prefix_path) discover
[0.375s] DEBUG:colcon.colcon_installed_package_information.package_discovery:Found 3 installed packages in /home/sai/dev_ws/install
[0.376s] DEBUG:colcon.colcon_installed_package_information.package_discovery:Found 314 installed packages in /opt/ros/humble
[0.378s] Level 1:colcon.colcon_core.package_discovery:discover_packages(prefix_path) using defaults
[0.429s] Level 5:colcon.colcon_core.verb:set package 'aruco' build argument 'cmake_args' from command line to 'None'
[0.429s] Level 5:colcon.colcon_core.verb:set package 'aruco' build argument 'cmake_target' from command line to 'None'
[0.429s] Level 5:colcon.colcon_core.verb:set package 'aruco' build argument 'cmake_target_skip_unavailable' from command line to 'False'
[0.429s] Level 5:colcon.colcon_core.verb:set package 'aruco' build argument 'cmake_clean_cache' from command line to 'False'
[0.429s] Level 5:colcon.colcon_core.verb:set package 'aruco' build argument 'cmake_clean_first' from command line to 'False'
[0.429s] Level 5:colcon.colcon_core.verb:set package 'aruco' build argument 'cmake_force_configure' from command line to 'False'
[0.429s] Level 5:colcon.colcon_core.verb:set package 'aruco' build argument 'ament_cmake_args' from command line to 'None'
[0.430s] Level 5:colcon.colcon_core.verb:set package 'aruco' build argument 'catkin_cmake_args' from command line to 'None'
[0.430s] Level 5:colcon.colcon_core.verb:set package 'aruco' build argument 'catkin_skip_building_tests' from command line to 'False'
[0.430s] DEBUG:colcon.colcon_core.verb:Building package 'aruco' with the following arguments: {'ament_cmake_args': None, 'build_base': '/home/sai/dev_ws/src/aruco/build/aruco', 'catkin_cmake_args': None, 'catkin_skip_building_tests': False, 'cmake_args': None, 'cmake_clean_cache': False, 'cmake_clean_first': False, 'cmake_force_configure': False, 'cmake_target': None, 'cmake_target_skip_unavailable': False, 'install_base': '/home/sai/dev_ws/src/aruco/install/aruco', 'merge_install': False, 'path': '/home/sai/dev_ws/src/aruco', 'symlink_install': False, 'test_result_base': None}
[0.430s] INFO:colcon.colcon_core.executor:Executing jobs using 'parallel' executor
[0.433s] DEBUG:colcon.colcon_parallel_executor.executor.parallel:run_until_complete
[0.433s] INFO:colcon.colcon_ros.task.ament_python.build:Building ROS package in '/home/sai/dev_ws/src/aruco' with build type 'ament_python'
[0.433s] Level 1:colcon.colcon_core.shell:create_environment_hook('aruco', 'ament_prefix_path')
[0.438s] INFO:colcon.colcon_core.plugin_system:Skipping extension 'colcon_core.shell.bat': Not used on non-Windows systems
[0.438s] INFO:colcon.colcon_core.shell:Creating environment hook '/home/sai/dev_ws/src/aruco/install/aruco/share/aruco/hook/ament_prefix_path.ps1'
[0.439s] INFO:colcon.colcon_core.shell:Creating environment descriptor '/home/sai/dev_ws/src/aruco/install/aruco/share/aruco/hook/ament_prefix_path.dsv'
[0.439s] INFO:colcon.colcon_core.shell:Creating environment hook '/home/sai/dev_ws/src/aruco/install/aruco/share/aruco/hook/ament_prefix_path.sh'
[0.440s] INFO:colcon.colcon_core.shell:Skip shell extension 'powershell' for command environment: Not usable outside of PowerShell
[0.440s] DEBUG:colcon.colcon_core.shell:Skip shell extension 'dsv' for command environment
[0.666s] INFO:colcon.colcon_core.task.python.build:Building Python package in '/home/sai/dev_ws/src/aruco'
[0.667s] INFO:colcon.colcon_core.shell:Skip shell extension 'powershell' for command environment: Not usable outside of PowerShell
[0.667s] DEBUG:colcon.colcon_core.shell:Skip shell extension 'dsv' for command environment
[0.968s] DEBUG:colcon.colcon_core.event_handler.log_command:Invoking command in '/home/sai/dev_ws/src/aruco': PYTHONPATH=/home/sai/dev_ws/src/aruco/build/aruco/prefix_override:/home/sai/dev_ws/src/aruco/install/aruco/lib/python3.10/site-packages:${PYTHONPATH} /usr/bin/python3 setup.py egg_info --egg-base build/aruco build --build-base /home/sai/dev_ws/src/aruco/build/aruco/build install --record /home/sai/dev_ws/src/aruco/build/aruco/install.log --single-version-externally-managed
[1.218s] DEBUG:colcon.colcon_core.event_handler.log_command:Invoked command in '/home/sai/dev_ws/src/aruco' returned '0': PYTHONPATH=/home/sai/dev_ws/src/aruco/build/aruco/prefix_override:/home/sai/dev_ws/src/aruco/install/aruco/lib/python3.10/site-packages:${PYTHONPATH} /usr/bin/python3 setup.py egg_info --egg-base build/aruco build --build-base /home/sai/dev_ws/src/aruco/build/aruco/build install --record /home/sai/dev_ws/src/aruco/build/aruco/install.log --single-version-externally-managed
[1.222s] Level 1:colcon.colcon_core.environment:checking '/home/sai/dev_ws/src/aruco/install/aruco' for CMake module files
[1.223s] Level 1:colcon.colcon_core.environment:checking '/home/sai/dev_ws/src/aruco/install/aruco' for CMake config files
[1.223s] Level 1:colcon.colcon_core.environment:checking '/home/sai/dev_ws/src/aruco/install/aruco/lib'
[1.223s] Level 1:colcon.colcon_core.environment:checking '/home/sai/dev_ws/src/aruco/install/aruco/bin'
[1.223s] Level 1:colcon.colcon_core.environment:checking '/home/sai/dev_ws/src/aruco/install/aruco/lib/pkgconfig/aruco.pc'
[1.224s] Level 1:colcon.colcon_core.environment:checking '/home/sai/dev_ws/src/aruco/install/aruco/lib/python3.10/site-packages'
[1.224s] Level 1:colcon.colcon_core.shell:create_environment_hook('aruco', 'pythonpath')
[1.225s] INFO:colcon.colcon_core.shell:Creating environment hook '/home/sai/dev_ws/src/aruco/install/aruco/share/aruco/hook/pythonpath.ps1'
[1.225s] INFO:colcon.colcon_core.shell:Creating environment descriptor '/home/sai/dev_ws/src/aruco/install/aruco/share/aruco/hook/pythonpath.dsv'
[1.225s] INFO:colcon.colcon_core.shell:Creating environment hook '/home/sai/dev_ws/src/aruco/install/aruco/share/aruco/hook/pythonpath.sh'
[1.225s] Level 1:colcon.colcon_core.environment:checking '/home/sai/dev_ws/src/aruco/install/aruco/bin'
[1.225s] Level 1:colcon.colcon_core.environment:create_environment_scripts_only(aruco)
[1.226s] INFO:colcon.colcon_core.shell:Creating package script '/home/sai/dev_ws/src/aruco/install/aruco/share/aruco/package.ps1'
[1.227s] INFO:colcon.colcon_core.shell:Creating package descriptor '/home/sai/dev_ws/src/aruco/install/aruco/share/aruco/package.dsv'
[1.227s] INFO:colcon.colcon_core.shell:Creating package script '/home/sai/dev_ws/src/aruco/install/aruco/share/aruco/package.sh'
[1.228s] INFO:colcon.colcon_core.shell:Creating package script '/home/sai/dev_ws/src/aruco/install/aruco/share/aruco/package.bash'
[1.228s] INFO:colcon.colcon_core.shell:Creating package script '/home/sai/dev_ws/src/aruco/install/aruco/share/aruco/package.zsh'
[1.229s] Level 1:colcon.colcon_core.environment:create_file_with_runtime_dependencies(/home/sai/dev_ws/src/aruco/install/aruco/share/colcon-core/packages/aruco)
[1.229s] DEBUG:colcon.colcon_parallel_executor.executor.parallel:closing loop
[1.229s] DEBUG:colcon.colcon_parallel_executor.executor.parallel:loop closed
[1.229s] DEBUG:colcon.colcon_parallel_executor.executor.parallel:run_until_complete finished with '0'
[1.230s] DEBUG:colcon.colcon_core.event_reactor:joining thread
[1.235s] INFO:colcon.colcon_core.plugin_system:Skipping extension 'colcon_notification.desktop_notification.terminal_notifier': Not used on non-Darwin systems
[1.236s] INFO:colcon.colcon_core.plugin_system:Skipping extension 'colcon_notification.desktop_notification.win32': Not used on non-Windows systems
[1.236s] INFO:colcon.colcon_notification.desktop_notification:Sending desktop notification using 'notify2'
[1.244s] DEBUG:colcon.colcon_core.event_reactor:joined thread
[1.245s] INFO:colcon.colcon_core.shell:Creating prefix script '/home/sai/dev_ws/src/aruco/install/local_setup.ps1'
[1.246s] INFO:colcon.colcon_core.shell:Creating prefix util module '/home/sai/dev_ws/src/aruco/install/_local_setup_util_ps1.py'
[1.248s] INFO:colcon.colcon_core.shell:Creating prefix chain script '/home/sai/dev_ws/src/aruco/install/setup.ps1'
[1.249s] INFO:colcon.colcon_core.shell:Creating prefix script '/home/sai/dev_ws/src/aruco/install/local_setup.sh'
[1.250s] INFO:colcon.colcon_core.shell:Creating prefix util module '/home/sai/dev_ws/src/aruco/install/_local_setup_util_sh.py'
[1.250s] INFO:colcon.colcon_core.shell:Creating prefix chain script '/home/sai/dev_ws/src/aruco/install/setup.sh'
[1.251s] INFO:colcon.colcon_core.shell:Creating prefix script '/home/sai/dev_ws/src/aruco/install/local_setup.bash'
[1.251s] INFO:colcon.colcon_core.shell:Creating prefix chain script '/home/sai/dev_ws/src/aruco/install/setup.bash'
[1.252s] INFO:colcon.colcon_core.shell:Creating prefix script '/home/sai/dev_ws/src/aruco/install/local_setup.zsh'
[1.253s] INFO:colcon.colcon_core.shell:Creating prefix chain script '/home/sai/dev_ws/src/aruco/install/setup.zsh'
